<?xml version="1.0" encoding="UTF-8"?>
<testng-results ignored="0" total="2" passed="2" failed="0" skipped="0">
  <reporter-output>
  </reporter-output>
  <suite started-at="2021-05-20T15:58:40 IST" name="Suite" finished-at="2021-05-20T15:59:15 IST" duration-ms="35478">
    <groups>
    </groups>
    <test started-at="2021-05-20T15:58:40 IST" name="Test" finished-at="2021-05-20T15:59:15 IST" duration-ms="35478">
      <class name="testcase.BookFlight">
        <test-method is-config="true" signature="Stratapp()[pri:0, instance:testcase.BookFlight@71a8adcf]" started-at="2021-05-20T15:58:40 IST" name="Stratapp" finished-at="2021-05-20T15:58:46 IST" duration-ms="5151" status="PASS">
          <reporter-output>
          </reporter-output>
        </test-method> <!-- Stratapp -->
        <test-method signature="bookticket(java.lang.String, java.lang.String)[pri:0, instance:testcase.BookFlight@71a8adcf]" started-at="2021-05-20T15:58:46 IST" name="bookticket" data-provider="senddata" finished-at="2021-05-20T15:58:58 IST" duration-ms="12093" status="PASS">
          <params>
            <param index="0">
              <value>
                <![CDATA[MAA]]>
              </value>
            </param>
            <param index="1">
              <value>
                <![CDATA[DEL]]>
              </value>
            </param>
          </params>
          <reporter-output>
          </reporter-output>
        </test-method> <!-- bookticket -->
        <test-method is-config="true" signature="Stratapp()[pri:0, instance:testcase.BookFlight@71a8adcf]" started-at="2021-05-20T15:58:58 IST" name="Stratapp" finished-at="2021-05-20T15:59:02 IST" duration-ms="4696" status="PASS">
          <reporter-output>
          </reporter-output>
        </test-method> <!-- Stratapp -->
        <test-method signature="bookticket(java.lang.String, java.lang.String)[pri:0, instance:testcase.BookFlight@71a8adcf]" started-at="2021-05-20T15:59:02 IST" name="bookticket" data-provider="senddata" finished-at="2021-05-20T15:59:15 IST" duration-ms="12883" status="PASS">
          <params>
            <param index="0">
              <value>
                <![CDATA[DEL]]>
              </value>
            </param>
            <param index="1">
              <value>
                <![CDATA[MAA]]>
              </value>
            </param>
          </params>
          <reporter-output>
          </reporter-output>
        </test-method> <!-- bookticket -->
      </class> <!-- testcase.BookFlight -->
    </test> <!-- Test -->
  </suite> <!-- Suite -->
</testng-results>
